<?xml version="1.0" encoding="UTF-8"?>
<testsuite xmlns:xsi="http://www.w3.org/2001/XMLSchema-instance" xsi:noNamespaceSchemaLocation="https://maven.apache.org/surefire/maven-surefire-plugin/xsd/surefire-test-report.xsd" name="edu.tongji.aising.AisingApplicationTests" time="4.006" tests="1" errors="0" skipped="0" failures="0">
  <properties>
    <property name="sun.desktop" value="windows"/>
    <property name="awt.toolkit" value="sun.awt.windows.WToolkit"/>
    <property name="java.specification.version" value="11"/>
    <property name="sun.cpu.isalist" value="amd64"/>
    <property name="sun.jnu.encoding" value="GBK"/>
    <property name="java.class.path" value="D:\AllFile\LearningFile\Code\SpringBoot\Aising\target\test-classes;D:\AllFile\LearningFile\Code\SpringBoot\Aising\target\classes;D:\AppData\Java\Maven\LocalWarehouse\org\springframework\boot\spring-boot-starter\2.5.5\spring-boot-starter-2.5.5.jar;D:\AppData\Java\Maven\LocalWarehouse\org\springframework\boot\spring-boot\2.5.5\spring-boot-2.5.5.jar;D:\AppData\Java\Maven\LocalWarehouse\org\springframework\spring-context\5.3.10\spring-context-5.3.10.jar;D:\AppData\Java\Maven\LocalWarehouse\org\springframework\boot\spring-boot-autoconfigure\2.5.5\spring-boot-autoconfigure-2.5.5.jar;D:\AppData\Java\Maven\LocalWarehouse\org\springframework\boot\spring-boot-starter-logging\2.5.5\spring-boot-starter-logging-2.5.5.jar;D:\AppData\Java\Maven\LocalWarehouse\ch\qos\logback\logback-classic\1.2.6\logback-classic-1.2.6.jar;D:\AppData\Java\Maven\LocalWarehouse\ch\qos\logback\logback-core\1.2.6\logback-core-1.2.6.jar;D:\AppData\Java\Maven\LocalWarehouse\org\apache\logging\log4j\log4j-to-slf4j\2.14.1\log4j-to-slf4j-2.14.1.jar;D:\AppData\Java\Maven\LocalWarehouse\org\apache\logging\log4j\log4j-api\2.14.1\log4j-api-2.14.1.jar;D:\AppData\Java\Maven\LocalWarehouse\org\slf4j\jul-to-slf4j\1.7.32\jul-to-slf4j-1.7.32.jar;D:\AppData\Java\Maven\LocalWarehouse\jakarta\annotation\jakarta.annotation-api\1.3.5\jakarta.annotation-api-1.3.5.jar;D:\AppData\Java\Maven\LocalWarehouse\org\springframework\spring-core\5.3.10\spring-core-5.3.10.jar;D:\AppData\Java\Maven\LocalWarehouse\org\springframework\spring-jcl\5.3.10\spring-jcl-5.3.10.jar;D:\AppData\Java\Maven\LocalWarehouse\org\yaml\snakeyaml\1.28\snakeyaml-1.28.jar;D:\AppData\Java\Maven\LocalWarehouse\org\springframework\boot\spring-boot-starter-test\2.5.5\spring-boot-starter-test-2.5.5.jar;D:\AppData\Java\Maven\LocalWarehouse\org\springframework\boot\spring-boot-test\2.5.5\spring-boot-test-2.5.5.jar;D:\AppData\Java\Maven\LocalWarehouse\org\springframework\boot\spring-boot-test-autoconfigure\2.5.5\spring-boot-test-autoconfigure-2.5.5.jar;D:\AppData\Java\Maven\LocalWarehouse\com\jayway\jsonpath\json-path\2.5.0\json-path-2.5.0.jar;D:\AppData\Java\Maven\LocalWarehouse\net\minidev\json-smart\2.4.7\json-smart-2.4.7.jar;D:\AppData\Java\Maven\LocalWarehouse\net\minidev\accessors-smart\2.4.7\accessors-smart-2.4.7.jar;D:\AppData\Java\Maven\LocalWarehouse\org\ow2\asm\asm\9.1\asm-9.1.jar;D:\AppData\Java\Maven\LocalWarehouse\jakarta\xml\bind\jakarta.xml.bind-api\2.3.3\jakarta.xml.bind-api-2.3.3.jar;D:\AppData\Java\Maven\LocalWarehouse\jakarta\activation\jakarta.activation-api\1.2.2\jakarta.activation-api-1.2.2.jar;D:\AppData\Java\Maven\LocalWarehouse\org\assertj\assertj-core\3.19.0\assertj-core-3.19.0.jar;D:\AppData\Java\Maven\LocalWarehouse\org\hamcrest\hamcrest\2.2\hamcrest-2.2.jar;D:\AppData\Java\Maven\LocalWarehouse\org\junit\jupiter\junit-jupiter\5.7.2\junit-jupiter-5.7.2.jar;D:\AppData\Java\Maven\LocalWarehouse\org\junit\jupiter\junit-jupiter-api\5.7.2\junit-jupiter-api-5.7.2.jar;D:\AppData\Java\Maven\LocalWarehouse\org\apiguardian\apiguardian-api\1.1.0\apiguardian-api-1.1.0.jar;D:\AppData\Java\Maven\LocalWarehouse\org\opentest4j\opentest4j\1.2.0\opentest4j-1.2.0.jar;D:\AppData\Java\Maven\LocalWarehouse\org\junit\platform\junit-platform-commons\1.7.2\junit-platform-commons-1.7.2.jar;D:\AppData\Java\Maven\LocalWarehouse\org\junit\jupiter\junit-jupiter-params\5.7.2\junit-jupiter-params-5.7.2.jar;D:\AppData\Java\Maven\LocalWarehouse\org\junit\jupiter\junit-jupiter-engine\5.7.2\junit-jupiter-engine-5.7.2.jar;D:\AppData\Java\Maven\LocalWarehouse\org\junit\platform\junit-platform-engine\1.7.2\junit-platform-engine-1.7.2.jar;D:\AppData\Java\Maven\LocalWarehouse\org\mockito\mockito-core\3.9.0\mockito-core-3.9.0.jar;D:\AppData\Java\Maven\LocalWarehouse\net\bytebuddy\byte-buddy\1.10.22\byte-buddy-1.10.22.jar;D:\AppData\Java\Maven\LocalWarehouse\net\bytebuddy\byte-buddy-agent\1.10.22\byte-buddy-agent-1.10.22.jar;D:\AppData\Java\Maven\LocalWarehouse\org\objenesis\objenesis\3.2\objenesis-3.2.jar;D:\AppData\Java\Maven\LocalWarehouse\org\mockito\mockito-junit-jupiter\3.9.0\mockito-junit-jupiter-3.9.0.jar;D:\AppData\Java\Maven\LocalWarehouse\org\skyscreamer\jsonassert\1.5.0\jsonassert-1.5.0.jar;D:\AppData\Java\Maven\LocalWarehouse\org\springframework\spring-test\5.3.10\spring-test-5.3.10.jar;D:\AppData\Java\Maven\LocalWarehouse\org\xmlunit\xmlunit-core\2.8.2\xmlunit-core-2.8.2.jar;D:\AppData\Java\Maven\LocalWarehouse\mysql\mysql-connector-java\8.0.26\mysql-connector-java-8.0.26.jar;D:\AppData\Java\Maven\LocalWarehouse\com\google\code\gson\gson\2.8.8\gson-2.8.8.jar;D:\AppData\Java\Maven\LocalWarehouse\com\baidu\aip\java-sdk\4.16.2\java-sdk-4.16.2.jar;D:\AppData\Java\Maven\LocalWarehouse\org\json\json\20160810\json-20160810.jar;D:\AppData\Java\Maven\LocalWarehouse\org\slf4j\slf4j-api\1.7.32\slf4j-api-1.7.32.jar;D:\AppData\Java\Maven\LocalWarehouse\org\slf4j\slf4j-simple\1.7.32\slf4j-simple-1.7.32.jar;D:\AppData\Java\Maven\LocalWarehouse\com\google\guava\guava\23.0\guava-23.0.jar;D:\AppData\Java\Maven\LocalWarehouse\com\google\code\findbugs\jsr305\1.3.9\jsr305-1.3.9.jar;D:\AppData\Java\Maven\LocalWarehouse\com\google\errorprone\error_prone_annotations\2.0.18\error_prone_annotations-2.0.18.jar;D:\AppData\Java\Maven\LocalWarehouse\com\google\j2objc\j2objc-annotations\1.1\j2objc-annotations-1.1.jar;D:\AppData\Java\Maven\LocalWarehouse\org\codehaus\mojo\animal-sniffer-annotations\1.14\animal-sniffer-annotations-1.14.jar;D:\AppData\Java\Maven\LocalWarehouse\com\vaadin\external\google\android-json\0.0.20131108.vaadin1\android-json-0.0.20131108.vaadin1.jar;D:\AppData\Java\Maven\LocalWarehouse\org\springframework\boot\spring-boot-starter-data-jpa\2.5.5\spring-boot-starter-data-jpa-2.5.5.jar;D:\AppData\Java\Maven\LocalWarehouse\org\springframework\boot\spring-boot-starter-aop\2.5.5\spring-boot-starter-aop-2.5.5.jar;D:\AppData\Java\Maven\LocalWarehouse\org\springframework\spring-aop\5.3.10\spring-aop-5.3.10.jar;D:\AppData\Java\Maven\LocalWarehouse\org\aspectj\aspectjweaver\1.9.7\aspectjweaver-1.9.7.jar;D:\AppData\Java\Maven\LocalWarehouse\org\springframework\boot\spring-boot-starter-jdbc\2.5.5\spring-boot-starter-jdbc-2.5.5.jar;D:\AppData\Java\Maven\LocalWarehouse\com\zaxxer\HikariCP\4.0.3\HikariCP-4.0.3.jar;D:\AppData\Java\Maven\LocalWarehouse\org\springframework\spring-jdbc\5.3.10\spring-jdbc-5.3.10.jar;D:\AppData\Java\Maven\LocalWarehouse\jakarta\transaction\jakarta.transaction-api\1.3.3\jakarta.transaction-api-1.3.3.jar;D:\AppData\Java\Maven\LocalWarehouse\jakarta\persistence\jakarta.persistence-api\2.2.3\jakarta.persistence-api-2.2.3.jar;D:\AppData\Java\Maven\LocalWarehouse\org\hibernate\hibernate-core\5.4.32.Final\hibernate-core-5.4.32.Final.jar;D:\AppData\Java\Maven\LocalWarehouse\org\jboss\logging\jboss-logging\3.4.2.Final\jboss-logging-3.4.2.Final.jar;D:\AppData\Java\Maven\LocalWarehouse\org\javassist\javassist\3.27.0-GA\javassist-3.27.0-GA.jar;D:\AppData\Java\Maven\LocalWarehouse\antlr\antlr\2.7.7\antlr-2.7.7.jar;D:\AppData\Java\Maven\LocalWarehouse\org\jboss\jandex\2.2.3.Final\jandex-2.2.3.Final.jar;D:\AppData\Java\Maven\LocalWarehouse\com\fasterxml\classmate\1.5.1\classmate-1.5.1.jar;D:\AppData\Java\Maven\LocalWarehouse\org\dom4j\dom4j\2.1.3\dom4j-2.1.3.jar;D:\AppData\Java\Maven\LocalWarehouse\org\hibernate\common\hibernate-commons-annotations\5.1.2.Final\hibernate-commons-annotations-5.1.2.Final.jar;D:\AppData\Java\Maven\LocalWarehouse\org\glassfish\jaxb\jaxb-runtime\2.3.5\jaxb-runtime-2.3.5.jar;D:\AppData\Java\Maven\LocalWarehouse\org\glassfish\jaxb\txw2\2.3.5\txw2-2.3.5.jar;D:\AppData\Java\Maven\LocalWarehouse\com\sun\istack\istack-commons-runtime\3.0.12\istack-commons-runtime-3.0.12.jar;D:\AppData\Java\Maven\LocalWarehouse\org\springframework\data\spring-data-jpa\2.5.5\spring-data-jpa-2.5.5.jar;D:\AppData\Java\Maven\LocalWarehouse\org\springframework\data\spring-data-commons\2.5.5\spring-data-commons-2.5.5.jar;D:\AppData\Java\Maven\LocalWarehouse\org\springframework\spring-orm\5.3.10\spring-orm-5.3.10.jar;D:\AppData\Java\Maven\LocalWarehouse\org\springframework\spring-tx\5.3.10\spring-tx-5.3.10.jar;D:\AppData\Java\Maven\LocalWarehouse\org\springframework\spring-beans\5.3.10\spring-beans-5.3.10.jar;D:\AppData\Java\Maven\LocalWarehouse\org\springframework\spring-aspects\5.3.10\spring-aspects-5.3.10.jar;D:\AppData\Java\Maven\LocalWarehouse\org\springframework\boot\spring-boot-starter-web\2.5.5\spring-boot-starter-web-2.5.5.jar;D:\AppData\Java\Maven\LocalWarehouse\org\springframework\boot\spring-boot-starter-json\2.5.5\spring-boot-starter-json-2.5.5.jar;D:\AppData\Java\Maven\LocalWarehouse\com\fasterxml\jackson\core\jackson-databind\2.12.5\jackson-databind-2.12.5.jar;D:\AppData\Java\Maven\LocalWarehouse\com\fasterxml\jackson\core\jackson-annotations\2.12.5\jackson-annotations-2.12.5.jar;D:\AppData\Java\Maven\LocalWarehouse\com\fasterxml\jackson\core\jackson-core\2.12.5\jackson-core-2.12.5.jar;D:\AppData\Java\Maven\LocalWarehouse\com\fasterxml\jackson\datatype\jackson-datatype-jdk8\2.12.5\jackson-datatype-jdk8-2.12.5.jar;D:\AppData\Java\Maven\LocalWarehouse\com\fasterxml\jackson\datatype\jackson-datatype-jsr310\2.12.5\jackson-datatype-jsr310-2.12.5.jar;D:\AppData\Java\Maven\LocalWarehouse\com\fasterxml\jackson\module\jackson-module-parameter-names\2.12.5\jackson-module-parameter-names-2.12.5.jar;D:\AppData\Java\Maven\LocalWarehouse\org\springframework\boot\spring-boot-starter-tomcat\2.5.5\spring-boot-starter-tomcat-2.5.5.jar;D:\AppData\Java\Maven\LocalWarehouse\org\apache\tomcat\embed\tomcat-embed-core\9.0.53\tomcat-embed-core-9.0.53.jar;D:\AppData\Java\Maven\LocalWarehouse\org\apache\tomcat\embed\tomcat-embed-el\9.0.53\tomcat-embed-el-9.0.53.jar;D:\AppData\Java\Maven\LocalWarehouse\org\apache\tomcat\embed\tomcat-embed-websocket\9.0.53\tomcat-embed-websocket-9.0.53.jar;D:\AppData\Java\Maven\LocalWarehouse\org\springframework\spring-web\5.3.10\spring-web-5.3.10.jar;D:\AppData\Java\Maven\LocalWarehouse\org\springframework\spring-webmvc\5.3.10\spring-webmvc-5.3.10.jar;D:\AppData\Java\Maven\LocalWarehouse\org\springframework\spring-expression\5.3.10\spring-expression-5.3.10.jar;D:\AppData\Java\Maven\LocalWarehouse\com\sun\xml\messaging\saaj\saaj-impl\1.5.3\saaj-impl-1.5.3.jar;D:\AppData\Java\Maven\LocalWarehouse\jakarta\xml\soap\jakarta.xml.soap-api\1.4.2\jakarta.xml.soap-api-1.4.2.jar;D:\AppData\Java\Maven\LocalWarehouse\org\jvnet\staxex\stax-ex\1.8.3\stax-ex-1.8.3.jar;D:\AppData\Java\Maven\LocalWarehouse\com\sun\activation\jakarta.activation\1.2.2\jakarta.activation-1.2.2.jar;"/>
    <property name="java.vm.vendor" value="Oracle Corporation"/>
    <property name="sun.arch.data.model" value="64"/>
    <property name="user.variant" value=""/>
    <property name="java.vendor.url" value="https://openjdk.java.net/"/>
    <property name="user.timezone" value="Asia/Shanghai"/>
    <property name="java.vm.specification.version" value="11"/>
    <property name="os.name" value="Windows 10"/>
    <property name="sun.java.launcher" value="SUN_STANDARD"/>
    <property name="user.country" value="CN"/>
    <property name="sun.boot.library.path" value="D:\AppData\Java\jdk-11.0.12\bin"/>
    <property name="sun.java.command" value="C:\Users\lilinfei\AppData\Local\Temp\surefire8655514315574487777\surefirebooter183899745063871369.jar C:\Users\lilinfei\AppData\Local\Temp\surefire8655514315574487777 2021-10-20T22-13-55_949-jvmRun1 surefire10848352064942170056tmp surefire_0284994142247505529tmp"/>
    <property name="jdk.debug" value="release"/>
    <property name="surefire.test.class.path" value="D:\AllFile\LearningFile\Code\SpringBoot\Aising\target\test-classes;D:\AllFile\LearningFile\Code\SpringBoot\Aising\target\classes;D:\AppData\Java\Maven\LocalWarehouse\org\springframework\boot\spring-boot-starter\2.5.5\spring-boot-starter-2.5.5.jar;D:\AppData\Java\Maven\LocalWarehouse\org\springframework\boot\spring-boot\2.5.5\spring-boot-2.5.5.jar;D:\AppData\Java\Maven\LocalWarehouse\org\springframework\spring-context\5.3.10\spring-context-5.3.10.jar;D:\AppData\Java\Maven\LocalWarehouse\org\springframework\boot\spring-boot-autoconfigure\2.5.5\spring-boot-autoconfigure-2.5.5.jar;D:\AppData\Java\Maven\LocalWarehouse\org\springframework\boot\spring-boot-starter-logging\2.5.5\spring-boot-starter-logging-2.5.5.jar;D:\AppData\Java\Maven\LocalWarehouse\ch\qos\logback\logback-classic\1.2.6\logback-classic-1.2.6.jar;D:\AppData\Java\Maven\LocalWarehouse\ch\qos\logback\logback-core\1.2.6\logback-core-1.2.6.jar;D:\AppData\Java\Maven\LocalWarehouse\org\apache\logging\log4j\log4j-to-slf4j\2.14.1\log4j-to-slf4j-2.14.1.jar;D:\AppData\Java\Maven\LocalWarehouse\org\apache\logging\log4j\log4j-api\2.14.1\log4j-api-2.14.1.jar;D:\AppData\Java\Maven\LocalWarehouse\org\slf4j\jul-to-slf4j\1.7.32\jul-to-slf4j-1.7.32.jar;D:\AppData\Java\Maven\LocalWarehouse\jakarta\annotation\jakarta.annotation-api\1.3.5\jakarta.annotation-api-1.3.5.jar;D:\AppData\Java\Maven\LocalWarehouse\org\springframework\spring-core\5.3.10\spring-core-5.3.10.jar;D:\AppData\Java\Maven\LocalWarehouse\org\springframework\spring-jcl\5.3.10\spring-jcl-5.3.10.jar;D:\AppData\Java\Maven\LocalWarehouse\org\yaml\snakeyaml\1.28\snakeyaml-1.28.jar;D:\AppData\Java\Maven\LocalWarehouse\org\springframework\boot\spring-boot-starter-test\2.5.5\spring-boot-starter-test-2.5.5.jar;D:\AppData\Java\Maven\LocalWarehouse\org\springframework\boot\spring-boot-test\2.5.5\spring-boot-test-2.5.5.jar;D:\AppData\Java\Maven\LocalWarehouse\org\springframework\boot\spring-boot-test-autoconfigure\2.5.5\spring-boot-test-autoconfigure-2.5.5.jar;D:\AppData\Java\Maven\LocalWarehouse\com\jayway\jsonpath\json-path\2.5.0\json-path-2.5.0.jar;D:\AppData\Java\Maven\LocalWarehouse\net\minidev\json-smart\2.4.7\json-smart-2.4.7.jar;D:\AppData\Java\Maven\LocalWarehouse\net\minidev\accessors-smart\2.4.7\accessors-smart-2.4.7.jar;D:\AppData\Java\Maven\LocalWarehouse\org\ow2\asm\asm\9.1\asm-9.1.jar;D:\AppData\Java\Maven\LocalWarehouse\jakarta\xml\bind\jakarta.xml.bind-api\2.3.3\jakarta.xml.bind-api-2.3.3.jar;D:\AppData\Java\Maven\LocalWarehouse\jakarta\activation\jakarta.activation-api\1.2.2\jakarta.activation-api-1.2.2.jar;D:\AppData\Java\Maven\LocalWarehouse\org\assertj\assertj-core\3.19.0\assertj-core-3.19.0.jar;D:\AppData\Java\Maven\LocalWarehouse\org\hamcrest\hamcrest\2.2\hamcrest-2.2.jar;D:\AppData\Java\Maven\LocalWarehouse\org\junit\jupiter\junit-jupiter\5.7.2\junit-jupiter-5.7.2.jar;D:\AppData\Java\Maven\LocalWarehouse\org\junit\jupiter\junit-jupiter-api\5.7.2\junit-jupiter-api-5.7.2.jar;D:\AppData\Java\Maven\LocalWarehouse\org\apiguardian\apiguardian-api\1.1.0\apiguardian-api-1.1.0.jar;D:\AppData\Java\Maven\LocalWarehouse\org\opentest4j\opentest4j\1.2.0\opentest4j-1.2.0.jar;D:\AppData\Java\Maven\LocalWarehouse\org\junit\platform\junit-platform-commons\1.7.2\junit-platform-commons-1.7.2.jar;D:\AppData\Java\Maven\LocalWarehouse\org\junit\jupiter\junit-jupiter-params\5.7.2\junit-jupiter-params-5.7.2.jar;D:\AppData\Java\Maven\LocalWarehouse\org\junit\jupiter\junit-jupiter-engine\5.7.2\junit-jupiter-engine-5.7.2.jar;D:\AppData\Java\Maven\LocalWarehouse\org\junit\platform\junit-platform-engine\1.7.2\junit-platform-engine-1.7.2.jar;D:\AppData\Java\Maven\LocalWarehouse\org\mockito\mockito-core\3.9.0\mockito-core-3.9.0.jar;D:\AppData\Java\Maven\LocalWarehouse\net\bytebuddy\byte-buddy\1.10.22\byte-buddy-1.10.22.jar;D:\AppData\Java\Maven\LocalWarehouse\net\bytebuddy\byte-buddy-agent\1.10.22\byte-buddy-agent-1.10.22.jar;D:\AppData\Java\Maven\LocalWarehouse\org\objenesis\objenesis\3.2\objenesis-3.2.jar;D:\AppData\Java\Maven\LocalWarehouse\org\mockito\mockito-junit-jupiter\3.9.0\mockito-junit-jupiter-3.9.0.jar;D:\AppData\Java\Maven\LocalWarehouse\org\skyscreamer\jsonassert\1.5.0\jsonassert-1.5.0.jar;D:\AppData\Java\Maven\LocalWarehouse\org\springframework\spring-test\5.3.10\spring-test-5.3.10.jar;D:\AppData\Java\Maven\LocalWarehouse\org\xmlunit\xmlunit-core\2.8.2\xmlunit-core-2.8.2.jar;D:\AppData\Java\Maven\LocalWarehouse\mysql\mysql-connector-java\8.0.26\mysql-connector-java-8.0.26.jar;D:\AppData\Java\Maven\LocalWarehouse\com\google\code\gson\gson\2.8.8\gson-2.8.8.jar;D:\AppData\Java\Maven\LocalWarehouse\com\baidu\aip\java-sdk\4.16.2\java-sdk-4.16.2.jar;D:\AppData\Java\Maven\LocalWarehouse\org\json\json\20160810\json-20160810.jar;D:\AppData\Java\Maven\LocalWarehouse\org\slf4j\slf4j-api\1.7.32\slf4j-api-1.7.32.jar;D:\AppData\Java\Maven\LocalWarehouse\org\slf4j\slf4j-simple\1.7.32\slf4j-simple-1.7.32.jar;D:\AppData\Java\Maven\LocalWarehouse\com\google\guava\guava\23.0\guava-23.0.jar;D:\AppData\Java\Maven\LocalWarehouse\com\google\code\findbugs\jsr305\1.3.9\jsr305-1.3.9.jar;D:\AppData\Java\Maven\LocalWarehouse\com\google\errorprone\error_prone_annotations\2.0.18\error_prone_annotations-2.0.18.jar;D:\AppData\Java\Maven\LocalWarehouse\com\google\j2objc\j2objc-annotations\1.1\j2objc-annotations-1.1.jar;D:\AppData\Java\Maven\LocalWarehouse\org\codehaus\mojo\animal-sniffer-annotations\1.14\animal-sniffer-annotations-1.14.jar;D:\AppData\Java\Maven\LocalWarehouse\com\vaadin\external\google\android-json\0.0.20131108.vaadin1\android-json-0.0.20131108.vaadin1.jar;D:\AppData\Java\Maven\LocalWarehouse\org\springframework\boot\spring-boot-starter-data-jpa\2.5.5\spring-boot-starter-data-jpa-2.5.5.jar;D:\AppData\Java\Maven\LocalWarehouse\org\springframework\boot\spring-boot-starter-aop\2.5.5\spring-boot-starter-aop-2.5.5.jar;D:\AppData\Java\Maven\LocalWarehouse\org\springframework\spring-aop\5.3.10\spring-aop-5.3.10.jar;D:\AppData\Java\Maven\LocalWarehouse\org\aspectj\aspectjweaver\1.9.7\aspectjweaver-1.9.7.jar;D:\AppData\Java\Maven\LocalWarehouse\org\springframework\boot\spring-boot-starter-jdbc\2.5.5\spring-boot-starter-jdbc-2.5.5.jar;D:\AppData\Java\Maven\LocalWarehouse\com\zaxxer\HikariCP\4.0.3\HikariCP-4.0.3.jar;D:\AppData\Java\Maven\LocalWarehouse\org\springframework\spring-jdbc\5.3.10\spring-jdbc-5.3.10.jar;D:\AppData\Java\Maven\LocalWarehouse\jakarta\transaction\jakarta.transaction-api\1.3.3\jakarta.transaction-api-1.3.3.jar;D:\AppData\Java\Maven\LocalWarehouse\jakarta\persistence\jakarta.persistence-api\2.2.3\jakarta.persistence-api-2.2.3.jar;D:\AppData\Java\Maven\LocalWarehouse\org\hibernate\hibernate-core\5.4.32.Final\hibernate-core-5.4.32.Final.jar;D:\AppData\Java\Maven\LocalWarehouse\org\jboss\logging\jboss-logging\3.4.2.Final\jboss-logging-3.4.2.Final.jar;D:\AppData\Java\Maven\LocalWarehouse\org\javassist\javassist\3.27.0-GA\javassist-3.27.0-GA.jar;D:\AppData\Java\Maven\LocalWarehouse\antlr\antlr\2.7.7\antlr-2.7.7.jar;D:\AppData\Java\Maven\LocalWarehouse\org\jboss\jandex\2.2.3.Final\jandex-2.2.3.Final.jar;D:\AppData\Java\Maven\LocalWarehouse\com\fasterxml\classmate\1.5.1\classmate-1.5.1.jar;D:\AppData\Java\Maven\LocalWarehouse\org\dom4j\dom4j\2.1.3\dom4j-2.1.3.jar;D:\AppData\Java\Maven\LocalWarehouse\org\hibernate\common\hibernate-commons-annotations\5.1.2.Final\hibernate-commons-annotations-5.1.2.Final.jar;D:\AppData\Java\Maven\LocalWarehouse\org\glassfish\jaxb\jaxb-runtime\2.3.5\jaxb-runtime-2.3.5.jar;D:\AppData\Java\Maven\LocalWarehouse\org\glassfish\jaxb\txw2\2.3.5\txw2-2.3.5.jar;D:\AppData\Java\Maven\LocalWarehouse\com\sun\istack\istack-commons-runtime\3.0.12\istack-commons-runtime-3.0.12.jar;D:\AppData\Java\Maven\LocalWarehouse\org\springframework\data\spring-data-jpa\2.5.5\spring-data-jpa-2.5.5.jar;D:\AppData\Java\Maven\LocalWarehouse\org\springframework\data\spring-data-commons\2.5.5\spring-data-commons-2.5.5.jar;D:\AppData\Java\Maven\LocalWarehouse\org\springframework\spring-orm\5.3.10\spring-orm-5.3.10.jar;D:\AppData\Java\Maven\LocalWarehouse\org\springframework\spring-tx\5.3.10\spring-tx-5.3.10.jar;D:\AppData\Java\Maven\LocalWarehouse\org\springframework\spring-beans\5.3.10\spring-beans-5.3.10.jar;D:\AppData\Java\Maven\LocalWarehouse\org\springframework\spring-aspects\5.3.10\spring-aspects-5.3.10.jar;D:\AppData\Java\Maven\LocalWarehouse\org\springframework\boot\spring-boot-starter-web\2.5.5\spring-boot-starter-web-2.5.5.jar;D:\AppData\Java\Maven\LocalWarehouse\org\springframework\boot\spring-boot-starter-json\2.5.5\spring-boot-starter-json-2.5.5.jar;D:\AppData\Java\Maven\LocalWarehouse\com\fasterxml\jackson\core\jackson-databind\2.12.5\jackson-databind-2.12.5.jar;D:\AppData\Java\Maven\LocalWarehouse\com\fasterxml\jackson\core\jackson-annotations\2.12.5\jackson-annotations-2.12.5.jar;D:\AppData\Java\Maven\LocalWarehouse\com\fasterxml\jackson\core\jackson-core\2.12.5\jackson-core-2.12.5.jar;D:\AppData\Java\Maven\LocalWarehouse\com\fasterxml\jackson\datatype\jackson-datatype-jdk8\2.12.5\jackson-datatype-jdk8-2.12.5.jar;D:\AppData\Java\Maven\LocalWarehouse\com\fasterxml\jackson\datatype\jackson-datatype-jsr310\2.12.5\jackson-datatype-jsr310-2.12.5.jar;D:\AppData\Java\Maven\LocalWarehouse\com\fasterxml\jackson\module\jackson-module-parameter-names\2.12.5\jackson-module-parameter-names-2.12.5.jar;D:\AppData\Java\Maven\LocalWarehouse\org\springframework\boot\spring-boot-starter-tomcat\2.5.5\spring-boot-starter-tomcat-2.5.5.jar;D:\AppData\Java\Maven\LocalWarehouse\org\apache\tomcat\embed\tomcat-embed-core\9.0.53\tomcat-embed-core-9.0.53.jar;D:\AppData\Java\Maven\LocalWarehouse\org\apache\tomcat\embed\tomcat-embed-el\9.0.53\tomcat-embed-el-9.0.53.jar;D:\AppData\Java\Maven\LocalWarehouse\org\apache\tomcat\embed\tomcat-embed-websocket\9.0.53\tomcat-embed-websocket-9.0.53.jar;D:\AppData\Java\Maven\LocalWarehouse\org\springframework\spring-web\5.3.10\spring-web-5.3.10.jar;D:\AppData\Java\Maven\LocalWarehouse\org\springframework\spring-webmvc\5.3.10\spring-webmvc-5.3.10.jar;D:\AppData\Java\Maven\LocalWarehouse\org\springframework\spring-expression\5.3.10\spring-expression-5.3.10.jar;D:\AppData\Java\Maven\LocalWarehouse\com\sun\xml\messaging\saaj\saaj-impl\1.5.3\saaj-impl-1.5.3.jar;D:\AppData\Java\Maven\LocalWarehouse\jakarta\xml\soap\jakarta.xml.soap-api\1.4.2\jakarta.xml.soap-api-1.4.2.jar;D:\AppData\Java\Maven\LocalWarehouse\org\jvnet\staxex\stax-ex\1.8.3\stax-ex-1.8.3.jar;D:\AppData\Java\Maven\LocalWarehouse\com\sun\activation\jakarta.activation\1.2.2\jakarta.activation-1.2.2.jar;"/>
    <property name="sun.cpu.endian" value="little"/>
    <property name="user.home" value="C:\Users\lilinfei"/>
    <property name="user.language" value="zh"/>
    <property name="java.specification.vendor" value="Oracle Corporation"/>
    <property name="java.version.date" value="2021-07-20"/>
    <property name="java.home" value="D:\AppData\Java\jdk-11.0.12"/>
    <property name="file.separator" value="\"/>
    <property name="basedir" value="D:\AllFile\LearningFile\Code\SpringBoot\Aising"/>
    <property name="java.vm.compressedOopsMode" value="Zero based"/>
    <property name="line.separator" value="&#10;"/>
    <property name="java.specification.name" value="Java Platform API Specification"/>
    <property name="java.vm.specification.vendor" value="Oracle Corporation"/>
    <property name="java.awt.graphicsenv" value="sun.awt.Win32GraphicsEnvironment"/>
    <property name="surefire.real.class.path" value="C:\Users\lilinfei\AppData\Local\Temp\surefire8655514315574487777\surefirebooter183899745063871369.jar"/>
    <property name="user.script" value=""/>
    <property name="sun.management.compiler" value="HotSpot 64-Bit Tiered Compilers"/>
    <property name="java.runtime.version" value="11.0.12+8-LTS-237"/>
    <property name="user.name" value="lilinfei"/>
    <property name="path.separator" value=";"/>
    <property name="os.version" value="10.0"/>
    <property name="java.runtime.name" value="Java(TM) SE Runtime Environment"/>
    <property name="file.encoding" value="GBK"/>
    <property name="java.vm.name" value="Java HotSpot(TM) 64-Bit Server VM"/>
    <property name="java.vendor.version" value="18.9"/>
    <property name="localRepository" value="D:\AppData\Java\Maven\LocalWarehouse"/>
    <property name="java.vendor.url.bug" value="https://bugreport.java.com/bugreport/"/>
    <property name="java.io.tmpdir" value="C:\Users\lilinfei\AppData\Local\Temp\"/>
    <property name="idea.version" value="2021.2.2"/>
    <property name="java.version" value="11.0.12"/>
    <property name="user.dir" value="D:\AllFile\LearningFile\Code\SpringBoot\Aising"/>
    <property name="os.arch" value="amd64"/>
    <property name="java.vm.specification.name" value="Java Virtual Machine Specification"/>
    <property name="java.awt.printerjob" value="sun.awt.windows.WPrinterJob"/>
    <property name="sun.os.patch.level" value=""/>
    <property name="java.library.path" value="D:\AppData\Java\jdk-11.0.12\bin;C:\WINDOWS\Sun\Java\bin;C:\WINDOWS\system32;C:\WINDOWS;D:\AppData\Anaconda\condabin;C:\Program Files\Common Files\Oracle\Java\javapath;D:\Download\oracle\bin;D:\AppData\Linux\VMWare\bin\;C:\Windows\system32;C:\Windows;C:\Windows\System32\Wbem;C:\Windows\System32\WindowsPowerShell\v1.0\;C:\Windows\System32\OpenSSH\;C:\Program Files (x86)\NVIDIA Corporation\PhysX\Common;C:\Program Files\NVIDIA Corporation\NVIDIA NvDLISR;C:\Program Files\Microsoft SQL Server\130\Tools\Binn\;C:\Program Files\Microsoft SQL Server\Client SDK\ODBC\170\Tools\Binn\;D:\AppData\Matlab2020a\bin;D:\AppData\Latex\TexStudio;D:\AppData\FFmpeg\ffmpeg-4.4-full_build\bin;D:\AppData\RaspberryPi\Putty\;C:\Windows\System;D:\AppData\MySQL\bin;C:\Program Files\dotnet\;D:\AppData\SPSS\JRE\bin;D:\AppData\Git\Git\cmd;D:\AppData\MediaPipeTools\MSYS2\usr\bin;D:\AppData\MediaPipeTools;C:\path\to;D:\AppData\nodejs\;D:\AppData\Typora\Typora;D:\AppData\Java\jdk-11.0.12\bin;D:\AppData\Java\jdk-11.0.12\jre\bin;D:\AppData\Java\Maven\apache-maven-3.8.2\bin;D:\AppData\Typora\pandoc-2.14.2\;C:\Program Files (x86)\dotnet\;C:\WINDOWS\system32;C:\WINDOWS;C:\WINDOWS\System32\Wbem;C:\WINDOWS\System32\WindowsPowerShell\v1.0\;C:\WINDOWS\System32\OpenSSH\;C:\Users\lilinfei\AppData\Local\Programs\Python\Launcher\;C:\Users\lilinfei\AppData\Local\Microsoft\WindowsApps;D:\AppData\BandZip\;D:\AppData\Pycharm\PyCharm 2021.1\bin;D:\AppData\Latex\texlive\2021\bin\win32;C:\Users\lilinfei\AppData\Local\GitHubDesktop\bin;C:\Users\lilinfei\.dotnet\tools;D:\AppData\Webstorm\WebStorm2021.1.2\bin;C:\path\to;C:\path\to\Scripts;D:\AppData\Microsoft VS Code\bin;D:\AppData\Nodejs\node_global;%USERPROFILE%\AppData\Local\Microsoft\WindowsApps;;."/>
    <property name="java.vendor" value="Oracle Corporation"/>
    <property name="java.vm.info" value="mixed mode"/>
    <property name="java.vm.version" value="11.0.12+8-LTS-237"/>
    <property name="sun.io.unicode.encoding" value="UnicodeLittle"/>
    <property name="maven.repo.local" value="D:\AppData\Java\Maven\LocalWarehouse"/>
    <property name="java.class.version" value="55.0"/>
  </properties>
  <testcase name="contextLoads" classname="edu.tongji.aising.AisingApplicationTests" time="0.111"/>
</testsuite>